d:\_\__sdl projects\game1017\_winter2022\game1017_w06_platformstart\game1017_emptyengine\debug\vc142.pdb
d:\_\__sdl projects\game1017\_winter2022\game1017_w06_platformstart\game1017_emptyengine\debug\vc142.idb
d:\_\__sdl projects\game1017\_winter2022\game1017_w06_platformstart\game1017_emptyengine\debug\tiledlevel.obj
d:\_\__sdl projects\game1017\_winter2022\game1017_w06_platformstart\game1017_emptyengine\debug\texturemanager.obj
d:\_\__sdl projects\game1017\_winter2022\game1017_w06_platformstart\game1017_emptyengine\debug\states.obj
d:\_\__sdl projects\game1017\_winter2022\game1017_w06_platformstart\game1017_emptyengine\debug\statemanager.obj
d:\_\__sdl projects\game1017\_winter2022\game1017_w06_platformstart\game1017_emptyengine\debug\soundmanager.obj
d:\_\__sdl projects\game1017\_winter2022\game1017_w06_platformstart\game1017_emptyengine\debug\primitives.obj
d:\_\__sdl projects\game1017\_winter2022\game1017_w06_platformstart\game1017_emptyengine\debug\mathmanager.obj
d:\_\__sdl projects\game1017\_winter2022\game1017_w06_platformstart\game1017_emptyengine\debug\main.obj
d:\_\__sdl projects\game1017\_winter2022\game1017_w06_platformstart\game1017_emptyengine\debug\eventmanager.obj
d:\_\__sdl projects\game1017\_winter2022\game1017_w06_platformstart\game1017_emptyengine\debug\engine.obj
d:\_\__sdl projects\game1017\_winter2022\game1017_w06_platformstart\game1017_emptyengine\debug\collisionmanager.obj
d:\_\__sdl projects\game1017\_winter2022\game1017_w06_platformstart\game1017_emptyengine\debug\button3.obj
c:\users\user\source\repos\game1017\game1017_exercises\le4_liuhengche\game1017_emptyengine\debug\vc143.pdb
c:\users\user\source\repos\game1017\game1017_exercises\le4_liuhengche\game1017_emptyengine\debug\vc143.idb
c:\users\user\source\repos\game1017\game1017_exercises\le4_liuhengche\game1017_emptyengine\debug\texturemanager.obj
c:\users\user\source\repos\game1017\game1017_exercises\le4_liuhengche\game1017_emptyengine\debug\states.obj
c:\users\user\source\repos\game1017\game1017_exercises\le4_liuhengche\game1017_emptyengine\debug\statemanager.obj
c:\users\user\source\repos\game1017\game1017_exercises\le4_liuhengche\game1017_emptyengine\debug\soundmanager.obj
c:\users\user\source\repos\game1017\game1017_exercises\le4_liuhengche\game1017_emptyengine\debug\primitives.obj
c:\users\user\source\repos\game1017\game1017_exercises\le4_liuhengche\game1017_emptyengine\debug\mathmanager.obj
c:\users\user\source\repos\game1017\game1017_exercises\le4_liuhengche\game1017_emptyengine\debug\main.obj
c:\users\user\source\repos\game1017\game1017_exercises\le4_liuhengche\game1017_emptyengine\debug\eventmanager.obj
c:\users\user\source\repos\game1017\game1017_exercises\le4_liuhengche\game1017_emptyengine\debug\engine.obj
c:\users\user\source\repos\game1017\game1017_exercises\le4_liuhengche\game1017_emptyengine\debug\collisionmanager.obj
c:\users\user\source\repos\game1017\game1017_exercises\le4_liuhengche\game1017_emptyengine\debug\button3.obj
d:\_\__sdl projects\game1017\_winter2022\game1017_w06_platformstart\debug\game1017_emptyengine.exe
d:\_\__sdl projects\game1017\_winter2022\game1017_w06_platformstart\game1017_emptyengine\debug\game1017_emptyengine.ilk
d:\_\__sdl projects\game1017\_winter2022\game1017_w06_platformstart\debug\game1017_emptyengine.pdb
c:\users\user\source\repos\game1017\game1017_exercises\le4_liuhengche\game1017_emptyengine\debug\tiledlevel.obj
c:\users\user\source\repos\game1017\game1017_exercises\le4_liuhengche\game1017_emptyengine\debug\game1017_emptyengine.ilk
c:\users\user\source\repos\game1017\game1017_exercises\le4_liuhengche\game1017_emptyengine\debug\vc142.idb
c:\users\user\source\repos\game1017\game1017_exercises\le4_liuhengche\game1017_emptyengine\debug\vc142.pdb
c:\users\user\source\repos\game1017\game1017_exercises\le4_liuhengche\debug\game1017_emptyengine.pdb
c:\users\user\source\repos\game1017\game1017_exercises\le4_liuhengche\debug\game1017_emptyengine.exe
c:\users\user\source\repos\game1017\game1017_exercises\le4_liuhengche\game1017_emptyengine\debug\game1017.5ae98247.tlog\cl.command.1.tlog
c:\users\user\source\repos\game1017\game1017_exercises\le4_liuhengche\game1017_emptyengine\debug\game1017.5ae98247.tlog\cl.read.1.tlog
c:\users\user\source\repos\game1017\game1017_exercises\le4_liuhengche\game1017_emptyengine\debug\game1017.5ae98247.tlog\cl.write.1.tlog
c:\users\user\source\repos\game1017\game1017_exercises\le4_liuhengche\game1017_emptyengine\debug\game1017.5ae98247.tlog\link.command.1.tlog
c:\users\user\source\repos\game1017\game1017_exercises\le4_liuhengche\game1017_emptyengine\debug\game1017.5ae98247.tlog\link.read.1.tlog
c:\users\user\source\repos\game1017\game1017_exercises\le4_liuhengche\game1017_emptyengine\debug\game1017.5ae98247.tlog\link.write.1.tlog
