c:\users\user\source\repos\game1017_a2_hengcheliuchuhaosong\game1017_a2_hengcheliuchuhaosong\game1017_emptyengine\debug\vc143.pdb
c:\users\user\source\repos\game1017_a2_hengcheliuchuhaosong\game1017_a2_hengcheliuchuhaosong\game1017_emptyengine\debug\vc143.idb
c:\users\user\source\repos\game1017_a2_hengcheliuchuhaosong\game1017_a2_hengcheliuchuhaosong\game1017_emptyengine\debug\timer.obj
c:\users\user\source\repos\game1017_a2_hengcheliuchuhaosong\game1017_a2_hengcheliuchuhaosong\game1017_emptyengine\debug\tiledlevel.obj
c:\users\user\source\repos\game1017_a2_hengcheliuchuhaosong\game1017_a2_hengcheliuchuhaosong\game1017_emptyengine\debug\texturemanager.obj
c:\users\user\source\repos\game1017_a2_hengcheliuchuhaosong\game1017_a2_hengcheliuchuhaosong\game1017_emptyengine\debug\states.obj
c:\users\user\source\repos\game1017_a2_hengcheliuchuhaosong\game1017_a2_hengcheliuchuhaosong\game1017_emptyengine\debug\statemanager.obj
c:\users\user\source\repos\game1017_a2_hengcheliuchuhaosong\game1017_a2_hengcheliuchuhaosong\game1017_emptyengine\debug\soundmanager.obj
c:\users\user\source\repos\game1017_a2_hengcheliuchuhaosong\game1017_a2_hengcheliuchuhaosong\game1017_emptyengine\debug\primitives.obj
c:\users\user\source\repos\game1017_a2_hengcheliuchuhaosong\game1017_a2_hengcheliuchuhaosong\game1017_emptyengine\debug\platformplayer.obj
c:\users\user\source\repos\game1017_a2_hengcheliuchuhaosong\game1017_a2_hengcheliuchuhaosong\game1017_emptyengine\debug\mathmanager.obj
c:\users\user\source\repos\game1017_a2_hengcheliuchuhaosong\game1017_a2_hengcheliuchuhaosong\game1017_emptyengine\debug\main.obj
c:\users\user\source\repos\game1017_a2_hengcheliuchuhaosong\game1017_a2_hengcheliuchuhaosong\game1017_emptyengine\debug\healthbar.obj
c:\users\user\source\repos\game1017_a2_hengcheliuchuhaosong\game1017_a2_hengcheliuchuhaosong\game1017_emptyengine\debug\fontmanager.obj
c:\users\user\source\repos\game1017_a2_hengcheliuchuhaosong\game1017_a2_hengcheliuchuhaosong\game1017_emptyengine\debug\eventmanager.obj
c:\users\user\source\repos\game1017_a2_hengcheliuchuhaosong\game1017_a2_hengcheliuchuhaosong\game1017_emptyengine\debug\engine.obj
c:\users\user\source\repos\game1017_a2_hengcheliuchuhaosong\game1017_a2_hengcheliuchuhaosong\game1017_emptyengine\debug\collisionmanager.obj
c:\users\user\source\repos\game1017_a2_hengcheliuchuhaosong\game1017_a2_hengcheliuchuhaosong\game1017_emptyengine\debug\button3.obj
c:\users\user\source\repos\game1017_a2_hengcheliuchuhaosong\game1017_a2_hengcheliuchuhaosong\game1017_emptyengine\debug\box.obj
c:\users\user\source\repos\game1017_a2_hengcheliuchuhaosong\game1017_a2_hengcheliuchuhaosong\game1017_emptyengine\debug\background.obj
c:\users\user\source\repos\game1017_a2_hengcheliuchuhaosong\game1017_a2_hengcheliuchuhaosong\game1017_emptyengine\debug\obstacle.obj
c:\users\user\source\repos\game1017_a2_hengcheliuchuhaosong\game1017_a2_hengcheliuchuhaosong\game1017_emptyengine\debug\states.obj.enc
c:\users\user\source\repos\game1017_a2_hengcheliuchuhaosong\game1017_a2_hengcheliuchuhaosong\game1017_emptyengine\debug\vc142.idb
c:\users\user\source\repos\game1017_a2_hengcheliuchuhaosong\game1017_a2_hengcheliuchuhaosong\game1017_emptyengine\debug\vc142.pdb
c:\users\user\source\repos\game1017_a2_hengcheliuchuhaosong\game1017_a2_hengcheliuchuhaosong\debug\game1017_emptyengine.pdb
c:\users\user\source\repos\game1017_a2_hengcheliuchuhaosong\game1017_a2_hengcheliuchuhaosong\game1017_emptyengine\debug\game1017.5ae98247.tlog\cl.command.1.tlog
c:\users\user\source\repos\game1017_a2_hengcheliuchuhaosong\game1017_a2_hengcheliuchuhaosong\game1017_emptyengine\debug\game1017.5ae98247.tlog\cl.read.1.tlog
c:\users\user\source\repos\game1017_a2_hengcheliuchuhaosong\game1017_a2_hengcheliuchuhaosong\game1017_emptyengine\debug\game1017.5ae98247.tlog\cl.write.1.tlog
c:\users\user\source\repos\game1017_a2_hengcheliuchuhaosong\game1017_a2_hengcheliuchuhaosong\game1017_emptyengine\debug\game1017.5ae98247.tlog\link.26256-cvtres.read.1.tlog
c:\users\user\source\repos\game1017_a2_hengcheliuchuhaosong\game1017_a2_hengcheliuchuhaosong\game1017_emptyengine\debug\game1017.5ae98247.tlog\link.26256-cvtres.write.1.tlog
c:\users\user\source\repos\game1017_a2_hengcheliuchuhaosong\game1017_a2_hengcheliuchuhaosong\game1017_emptyengine\debug\game1017.5ae98247.tlog\link.26256-rc.read.1.tlog
c:\users\user\source\repos\game1017_a2_hengcheliuchuhaosong\game1017_a2_hengcheliuchuhaosong\game1017_emptyengine\debug\game1017.5ae98247.tlog\link.26256-rc.write.1.tlog
c:\users\user\source\repos\game1017_a2_hengcheliuchuhaosong\game1017_a2_hengcheliuchuhaosong\game1017_emptyengine\debug\game1017.5ae98247.tlog\link.26256.read.1.tlog
c:\users\user\source\repos\game1017_a2_hengcheliuchuhaosong\game1017_a2_hengcheliuchuhaosong\game1017_emptyengine\debug\game1017.5ae98247.tlog\link.26256.write.1.tlog
c:\users\user\source\repos\game1017_a2_hengcheliuchuhaosong\game1017_a2_hengcheliuchuhaosong\game1017_emptyengine\debug\game1017.5ae98247.tlog\link.command.1.tlog
c:\users\user\source\repos\game1017_a2_hengcheliuchuhaosong\game1017_a2_hengcheliuchuhaosong\game1017_emptyengine\debug\game1017.5ae98247.tlog\link.read.1.tlog
c:\users\user\source\repos\game1017_a2_hengcheliuchuhaosong\game1017_a2_hengcheliuchuhaosong\game1017_emptyengine\debug\game1017.5ae98247.tlog\link.write.1.tlog
